# Logfile created on 2016-02-08 21:00:00 +0000 by logger.rb/41954
I, [2016-02-08T21:00:00.443308 #1917]  INFO -- : 0:  RedCloth (4.2.9) from /Users/Clive/.rvm/gems/ruby-2.0.0-p353/specifications/RedCloth-4.2.9.gemspec
I, [2016-02-08T21:00:01.953935 #1917]  INFO -- : 0:  i18n (0.7.0) from /Users/Clive/.rvm/gems/ruby-2.0.0-p353/specifications/i18n-0.7.0.gemspec
I, [2016-02-08T21:00:06.997042 #1917]  INFO -- : 0:  json (1.8.3) from /Users/Clive/.rvm/gems/ruby-2.0.0-p353/specifications/json-1.8.3.gemspec
I, [2016-02-08T21:00:08.062536 #1917]  INFO -- : 0:  minitest (5.8.4) from /Users/Clive/.rvm/gems/ruby-2.0.0-p353/specifications/minitest-5.8.4.gemspec
I, [2016-02-08T21:00:09.135306 #1917]  INFO -- : 0:  thread_safe (0.3.5) from /Users/Clive/.rvm/gems/ruby-2.0.0-p353/specifications/thread_safe-0.3.5.gemspec
I, [2016-02-08T21:00:10.255987 #1917]  INFO -- : 0:  tzinfo (1.2.2) from /Users/Clive/.rvm/gems/ruby-2.0.0-p353/specifications/tzinfo-1.2.2.gemspec
I, [2016-02-08T21:00:11.554594 #1917]  INFO -- : 0:  activesupport (4.2.5.1) from /Users/Clive/.rvm/gems/ruby-2.0.0-p353/specifications/activesupport-4.2.5.1.gemspec
I, [2016-02-08T21:00:12.579023 #1917]  INFO -- : 0:  addressable (2.3.8) from /Users/Clive/.rvm/gems/ruby-2.0.0-p353/specifications/addressable-2.3.8.gemspec
I, [2016-02-08T21:00:13.550207 #1917]  INFO -- : 0:  coffee-script-source (1.10.0) from /Users/Clive/.rvm/gems/ruby-2.0.0-p353/specifications/coffee-script-source-1.10.0.gemspec
I, [2016-02-08T21:00:14.496898 #1917]  INFO -- : 0:  execjs (2.6.0) from /Users/Clive/.rvm/gems/ruby-2.0.0-p353/specifications/execjs-2.6.0.gemspec
I, [2016-02-08T21:00:15.502755 #1917]  INFO -- : 0:  coffee-script (2.4.1) from /Users/Clive/.rvm/gems/ruby-2.0.0-p353/specifications/coffee-script-2.4.1.gemspec
I, [2016-02-08T21:00:16.443723 #1917]  INFO -- : 0:  colorator (0.1) from /Users/Clive/.rvm/gems/ruby-2.0.0-p353/specifications/colorator-0.1.gemspec
I, [2016-02-08T21:00:22.649232 #1917]  INFO -- : 0:  ffi (1.9.10) from /Users/Clive/.rvm/gems/ruby-2.0.0-p353/specifications/ffi-1.9.10.gemspec
I, [2016-02-08T21:00:23.896361 #1917]  INFO -- : 0:  ethon (0.8.1) from /Users/Clive/.rvm/gems/ruby-2.0.0-p353/specifications/ethon-0.8.1.gemspec
I, [2016-02-08T21:00:24.827920 #1917]  INFO -- : 0:  multipart-post (2.0.0) from /Users/Clive/.rvm/gems/ruby-2.0.0-p353/specifications/multipart-post-2.0.0.gemspec
I, [2016-02-08T21:00:25.799397 #1917]  INFO -- : 0:  faraday (0.9.2) from /Users/Clive/.rvm/gems/ruby-2.0.0-p353/specifications/faraday-0.9.2.gemspec
I, [2016-02-08T21:00:28.940641 #1917]  INFO -- : 0:  gemoji (2.1.0) from /Users/Clive/.rvm/gems/ruby-2.0.0-p353/specifications/gemoji-2.1.0.gemspec
I, [2016-02-08T21:00:29.956075 #1917]  INFO -- : 0:  net-dns (0.8.0) from /Users/Clive/.rvm/gems/ruby-2.0.0-p353/specifications/net-dns-0.8.0.gemspec
I, [2016-02-08T21:00:31.030102 #1917]  INFO -- : 0:  public_suffix (1.5.3) from /Users/Clive/.rvm/gems/ruby-2.0.0-p353/specifications/public_suffix-1.5.3.gemspec
I, [2016-02-08T21:00:32.040766 #1917]  INFO -- : 0:  typhoeus (0.8.0) from /Users/Clive/.rvm/gems/ruby-2.0.0-p353/specifications/typhoeus-0.8.0.gemspec
I, [2016-02-08T21:00:33.109820 #1917]  INFO -- : 0:  github-pages-health-check (0.6.0) from /Users/Clive/.rvm/gems/ruby-2.0.0-p353/specifications/github-pages-health-check-0.6.0.gemspec
I, [2016-02-08T21:00:34.403066 #1917]  INFO -- : 0:  sass (3.4.21) from /Users/Clive/.rvm/gems/ruby-2.0.0-p353/specifications/sass-3.4.21.gemspec
I, [2016-02-08T21:00:35.367109 #1917]  INFO -- : 0:  jekyll-sass-converter (1.3.0) from /Users/Clive/.rvm/gems/ruby-2.0.0-p353/specifications/jekyll-sass-converter-1.3.0.gemspec
I, [2016-02-08T21:00:36.384145 #1917]  INFO -- : 0:  rb-fsevent (0.9.7) from /Users/Clive/.rvm/gems/ruby-2.0.0-p353/specifications/rb-fsevent-0.9.7.gemspec
I, [2016-02-08T21:00:37.500958 #1917]  INFO -- : 0:  rb-inotify (0.9.6) from /Users/Clive/.rvm/gems/ruby-2.0.0-p353/specifications/rb-inotify-0.9.6.gemspec
I, [2016-02-08T21:00:38.526200 #1917]  INFO -- : 0:  listen (3.0.5) from /Users/Clive/.rvm/gems/ruby-2.0.0-p353/specifications/listen-3.0.5.gemspec
I, [2016-02-08T21:00:39.468543 #1917]  INFO -- : 0:  jekyll-watch (1.3.1) from /Users/Clive/.rvm/gems/ruby-2.0.0-p353/specifications/jekyll-watch-1.3.1.gemspec
I, [2016-02-08T21:00:40.806121 #1917]  INFO -- : 0:  kramdown (1.9.0) from /Users/Clive/.rvm/gems/ruby-2.0.0-p353/specifications/kramdown-1.9.0.gemspec
I, [2016-02-08T21:00:41.822020 #1917]  INFO -- : 0:  liquid (3.0.6) from /Users/Clive/.rvm/gems/ruby-2.0.0-p353/specifications/liquid-3.0.6.gemspec
I, [2016-02-08T21:00:42.801903 #1917]  INFO -- : 0:  mercenary (0.3.5) from /Users/Clive/.rvm/gems/ruby-2.0.0-p353/specifications/mercenary-0.3.5.gemspec
I, [2016-02-08T21:00:43.901378 #1917]  INFO -- : 0:  rouge (1.10.1) from /Users/Clive/.rvm/gems/ruby-2.0.0-p353/specifications/rouge-1.10.1.gemspec
I, [2016-02-08T21:00:44.902071 #1917]  INFO -- : 0:  safe_yaml (1.0.4) from /Users/Clive/.rvm/gems/ruby-2.0.0-p353/specifications/safe_yaml-1.0.4.gemspec
I, [2016-02-08T21:00:45.953163 #1917]  INFO -- : 0:  jekyll (3.0.2) from /Users/Clive/.rvm/gems/ruby-2.0.0-p353/specifications/jekyll-3.0.2.gemspec
I, [2016-02-08T21:00:46.929100 #1917]  INFO -- : 0:  jekyll-coffeescript (1.0.1) from /Users/Clive/.rvm/gems/ruby-2.0.0-p353/specifications/jekyll-coffeescript-1.0.1.gemspec
I, [2016-02-08T21:00:47.946933 #1917]  INFO -- : 0:  jekyll-feed (0.3.1) from /Users/Clive/.rvm/gems/ruby-2.0.0-p353/specifications/jekyll-feed-0.3.1.gemspec
I, [2016-02-08T21:00:49.058939 #1917]  INFO -- : 0:  sawyer (0.6.0) from /Users/Clive/.rvm/gems/ruby-2.0.0-p353/specifications/sawyer-0.6.0.gemspec
I, [2016-02-08T21:00:50.642658 #1917]  INFO -- : 0:  octokit (4.2.0) from /Users/Clive/.rvm/gems/ruby-2.0.0-p353/specifications/octokit-4.2.0.gemspec
I, [2016-02-08T21:00:51.698258 #1917]  INFO -- : 0:  jekyll-gist (1.4.0) from /Users/Clive/.rvm/gems/ruby-2.0.0-p353/specifications/jekyll-gist-1.4.0.gemspec
I, [2016-02-08T21:00:52.680385 #1917]  INFO -- : 0:  mini_portile2 (2.0.0) from /Users/Clive/.rvm/gems/ruby-2.0.0-p353/specifications/mini_portile2-2.0.0.gemspec
I, [2016-02-08T21:02:01.413058 #1917]  INFO -- : 0:  nokogiri (1.6.7.2) from /Users/Clive/.rvm/gems/ruby-2.0.0-p353/specifications/nokogiri-1.6.7.2.gemspec
I, [2016-02-08T21:02:02.474807 #1917]  INFO -- : 0:  html-pipeline (2.3.0) from /Users/Clive/.rvm/gems/ruby-2.0.0-p353/specifications/html-pipeline-2.3.0.gemspec
I, [2016-02-08T21:02:03.437723 #1917]  INFO -- : 0:  jekyll-mentions (1.0.0) from /Users/Clive/.rvm/gems/ruby-2.0.0-p353/specifications/jekyll-mentions-1.0.0.gemspec
I, [2016-02-08T21:02:04.372564 #1917]  INFO -- : 0:  jekyll-paginate (1.1.0) from /Users/Clive/.rvm/gems/ruby-2.0.0-p353/specifications/jekyll-paginate-1.1.0.gemspec
I, [2016-02-08T21:02:05.347024 #1917]  INFO -- : 0:  jekyll-redirect-from (0.9.1) from /Users/Clive/.rvm/gems/ruby-2.0.0-p353/specifications/jekyll-redirect-from-0.9.1.gemspec
I, [2016-02-08T21:02:06.314543 #1917]  INFO -- : 0:  jekyll-seo-tag (0.1.4) from /Users/Clive/.rvm/gems/ruby-2.0.0-p353/specifications/jekyll-seo-tag-0.1.4.gemspec
I, [2016-02-08T21:02:07.340095 #1917]  INFO -- : 0:  jekyll-sitemap (0.10.0) from /Users/Clive/.rvm/gems/ruby-2.0.0-p353/specifications/jekyll-sitemap-0.10.0.gemspec
I, [2016-02-08T21:02:08.402113 #1917]  INFO -- : 0:  jekyll-textile-converter (0.1.0) from /Users/Clive/.rvm/gems/ruby-2.0.0-p353/specifications/jekyll-textile-converter-0.1.0.gemspec
I, [2016-02-08T21:02:09.485795 #1917]  INFO -- : 0:  jemoji (0.5.1) from /Users/Clive/.rvm/gems/ruby-2.0.0-p353/specifications/jemoji-0.5.1.gemspec
I, [2016-02-08T21:02:13.045913 #1917]  INFO -- : 0:  rdiscount (2.1.8) from /Users/Clive/.rvm/gems/ruby-2.0.0-p353/specifications/rdiscount-2.1.8.gemspec
I, [2016-02-08T21:02:15.561763 #1917]  INFO -- : 0:  redcarpet (3.3.3) from /Users/Clive/.rvm/gems/ruby-2.0.0-p353/specifications/redcarpet-3.3.3.gemspec
I, [2016-02-08T21:02:16.498141 #1917]  INFO -- : 0:  terminal-table (1.5.2) from /Users/Clive/.rvm/gems/ruby-2.0.0-p353/specifications/terminal-table-1.5.2.gemspec
I, [2016-02-08T21:02:17.466230 #1917]  INFO -- : 0:  github-pages (45) from /Users/Clive/.rvm/gems/ruby-2.0.0-p353/specifications/github-pages-45.gemspec
I, [2016-02-08T21:02:17.466608 #1917]  INFO -- : 0:  bundler (1.5.1) from /Users/Clive/.rvm/gems/ruby-2.0.0-p353@global/specifications/bundler-1.5.1.gemspec
I, [2016-02-15T21:44:29.124374 #2296]  INFO -- : 0:  RedCloth (4.2.9) from /Users/Clive/.rvm/gems/ruby-2.0.0-p353/specifications/RedCloth-4.2.9.gemspec
I, [2016-02-15T21:44:29.124801 #2296]  INFO -- : 0:  i18n (0.7.0) from /Users/Clive/.rvm/gems/ruby-2.0.0-p353/specifications/i18n-0.7.0.gemspec
I, [2016-02-15T21:44:29.125040 #2296]  INFO -- : 0:  json (1.8.3) from /Users/Clive/.rvm/gems/ruby-2.0.0-p353/specifications/json-1.8.3.gemspec
I, [2016-02-15T21:44:29.125285 #2296]  INFO -- : 0:  minitest (5.8.4) from /Users/Clive/.rvm/gems/ruby-2.0.0-p353/specifications/minitest-5.8.4.gemspec
I, [2016-02-15T21:44:29.125533 #2296]  INFO -- : 0:  thread_safe (0.3.5) from /Users/Clive/.rvm/gems/ruby-2.0.0-p353/specifications/thread_safe-0.3.5.gemspec
I, [2016-02-15T21:44:29.125768 #2296]  INFO -- : 0:  tzinfo (1.2.2) from /Users/Clive/.rvm/gems/ruby-2.0.0-p353/specifications/tzinfo-1.2.2.gemspec
I, [2016-02-15T21:44:29.126032 #2296]  INFO -- : 0:  activesupport (4.2.5.1) from /Users/Clive/.rvm/gems/ruby-2.0.0-p353/specifications/activesupport-4.2.5.1.gemspec
I, [2016-02-15T21:44:29.126259 #2296]  INFO -- : 0:  addressable (2.3.8) from /Users/Clive/.rvm/gems/ruby-2.0.0-p353/specifications/addressable-2.3.8.gemspec
I, [2016-02-15T21:44:29.126479 #2296]  INFO -- : 0:  coffee-script-source (1.10.0) from /Users/Clive/.rvm/gems/ruby-2.0.0-p353/specifications/coffee-script-source-1.10.0.gemspec
I, [2016-02-15T21:44:29.126709 #2296]  INFO -- : 0:  execjs (2.6.0) from /Users/Clive/.rvm/gems/ruby-2.0.0-p353/specifications/execjs-2.6.0.gemspec
I, [2016-02-15T21:44:29.126935 #2296]  INFO -- : 0:  coffee-script (2.4.1) from /Users/Clive/.rvm/gems/ruby-2.0.0-p353/specifications/coffee-script-2.4.1.gemspec
I, [2016-02-15T21:44:29.127158 #2296]  INFO -- : 0:  colorator (0.1) from /Users/Clive/.rvm/gems/ruby-2.0.0-p353/specifications/colorator-0.1.gemspec
I, [2016-02-15T21:44:29.127416 #2296]  INFO -- : 0:  ffi (1.9.10) from /Users/Clive/.rvm/gems/ruby-2.0.0-p353/specifications/ffi-1.9.10.gemspec
I, [2016-02-15T21:44:29.127732 #2296]  INFO -- : 0:  ethon (0.8.1) from /Users/Clive/.rvm/gems/ruby-2.0.0-p353/specifications/ethon-0.8.1.gemspec
I, [2016-02-15T21:44:29.127973 #2296]  INFO -- : 0:  multipart-post (2.0.0) from /Users/Clive/.rvm/gems/ruby-2.0.0-p353/specifications/multipart-post-2.0.0.gemspec
I, [2016-02-15T21:44:29.128227 #2296]  INFO -- : 0:  faraday (0.9.2) from /Users/Clive/.rvm/gems/ruby-2.0.0-p353/specifications/faraday-0.9.2.gemspec
I, [2016-02-15T21:44:29.128455 #2296]  INFO -- : 0:  gemoji (2.1.0) from /Users/Clive/.rvm/gems/ruby-2.0.0-p353/specifications/gemoji-2.1.0.gemspec
I, [2016-02-15T21:44:29.128692 #2296]  INFO -- : 0:  net-dns (0.8.0) from /Users/Clive/.rvm/gems/ruby-2.0.0-p353/specifications/net-dns-0.8.0.gemspec
I, [2016-02-15T21:44:29.128919 #2296]  INFO -- : 0:  public_suffix (1.5.3) from /Users/Clive/.rvm/gems/ruby-2.0.0-p353/specifications/public_suffix-1.5.3.gemspec
I, [2016-02-15T21:44:29.129145 #2296]  INFO -- : 0:  typhoeus (0.8.0) from /Users/Clive/.rvm/gems/ruby-2.0.0-p353/specifications/typhoeus-0.8.0.gemspec
I, [2016-02-15T21:44:29.129360 #2296]  INFO -- : 0:  github-pages-health-check (0.6.0) from /Users/Clive/.rvm/gems/ruby-2.0.0-p353/specifications/github-pages-health-check-0.6.0.gemspec
I, [2016-02-15T21:44:29.129586 #2296]  INFO -- : 0:  sass (3.4.21) from /Users/Clive/.rvm/gems/ruby-2.0.0-p353/specifications/sass-3.4.21.gemspec
I, [2016-02-15T21:44:29.129809 #2296]  INFO -- : 0:  jekyll-sass-converter (1.3.0) from /Users/Clive/.rvm/gems/ruby-2.0.0-p353/specifications/jekyll-sass-converter-1.3.0.gemspec
I, [2016-02-15T21:44:29.130032 #2296]  INFO -- : 0:  rb-fsevent (0.9.7) from /Users/Clive/.rvm/gems/ruby-2.0.0-p353/specifications/rb-fsevent-0.9.7.gemspec
I, [2016-02-15T21:44:29.130258 #2296]  INFO -- : 0:  rb-inotify (0.9.6) from /Users/Clive/.rvm/gems/ruby-2.0.0-p353/specifications/rb-inotify-0.9.6.gemspec
I, [2016-02-15T21:44:29.130499 #2296]  INFO -- : 0:  listen (3.0.5) from /Users/Clive/.rvm/gems/ruby-2.0.0-p353/specifications/listen-3.0.5.gemspec
I, [2016-02-15T21:44:29.130732 #2296]  INFO -- : 0:  jekyll-watch (1.3.1) from /Users/Clive/.rvm/gems/ruby-2.0.0-p353/specifications/jekyll-watch-1.3.1.gemspec
I, [2016-02-15T21:44:29.130957 #2296]  INFO -- : 0:  kramdown (1.9.0) from /Users/Clive/.rvm/gems/ruby-2.0.0-p353/specifications/kramdown-1.9.0.gemspec
I, [2016-02-15T21:44:29.131174 #2296]  INFO -- : 0:  liquid (3.0.6) from /Users/Clive/.rvm/gems/ruby-2.0.0-p353/specifications/liquid-3.0.6.gemspec
I, [2016-02-15T21:44:29.131390 #2296]  INFO -- : 0:  mercenary (0.3.5) from /Users/Clive/.rvm/gems/ruby-2.0.0-p353/specifications/mercenary-0.3.5.gemspec
I, [2016-02-15T21:44:29.131606 #2296]  INFO -- : 0:  rouge (1.10.1) from /Users/Clive/.rvm/gems/ruby-2.0.0-p353/specifications/rouge-1.10.1.gemspec
I, [2016-02-15T21:44:29.131804 #2296]  INFO -- : 0:  safe_yaml (1.0.4) from /Users/Clive/.rvm/gems/ruby-2.0.0-p353/specifications/safe_yaml-1.0.4.gemspec
I, [2016-02-15T21:44:29.132022 #2296]  INFO -- : 0:  jekyll (3.0.2) from /Users/Clive/.rvm/gems/ruby-2.0.0-p353/specifications/jekyll-3.0.2.gemspec
I, [2016-02-15T21:44:29.132239 #2296]  INFO -- : 0:  jekyll-coffeescript (1.0.1) from /Users/Clive/.rvm/gems/ruby-2.0.0-p353/specifications/jekyll-coffeescript-1.0.1.gemspec
I, [2016-02-15T21:44:29.132458 #2296]  INFO -- : 0:  jekyll-feed (0.3.1) from /Users/Clive/.rvm/gems/ruby-2.0.0-p353/specifications/jekyll-feed-0.3.1.gemspec
I, [2016-02-15T21:44:29.132677 #2296]  INFO -- : 0:  sawyer (0.6.0) from /Users/Clive/.rvm/gems/ruby-2.0.0-p353/specifications/sawyer-0.6.0.gemspec
I, [2016-02-15T21:44:29.132913 #2296]  INFO -- : 0:  octokit (4.2.0) from /Users/Clive/.rvm/gems/ruby-2.0.0-p353/specifications/octokit-4.2.0.gemspec
I, [2016-02-15T21:44:29.133112 #2296]  INFO -- : 0:  jekyll-gist (1.4.0) from /Users/Clive/.rvm/gems/ruby-2.0.0-p353/specifications/jekyll-gist-1.4.0.gemspec
I, [2016-02-15T21:44:29.133331 #2296]  INFO -- : 0:  mini_portile2 (2.0.0) from /Users/Clive/.rvm/gems/ruby-2.0.0-p353/specifications/mini_portile2-2.0.0.gemspec
I, [2016-02-15T21:44:29.133554 #2296]  INFO -- : 0:  nokogiri (1.6.7.2) from /Users/Clive/.rvm/gems/ruby-2.0.0-p353/specifications/nokogiri-1.6.7.2.gemspec
I, [2016-02-15T21:44:29.133774 #2296]  INFO -- : 0:  html-pipeline (2.3.0) from /Users/Clive/.rvm/gems/ruby-2.0.0-p353/specifications/html-pipeline-2.3.0.gemspec
I, [2016-02-15T21:44:29.133993 #2296]  INFO -- : 0:  jekyll-mentions (1.0.0) from /Users/Clive/.rvm/gems/ruby-2.0.0-p353/specifications/jekyll-mentions-1.0.0.gemspec
I, [2016-02-15T21:44:29.134199 #2296]  INFO -- : 0:  jekyll-paginate (1.1.0) from /Users/Clive/.rvm/gems/ruby-2.0.0-p353/specifications/jekyll-paginate-1.1.0.gemspec
I, [2016-02-15T21:44:29.134712 #2296]  INFO -- : 0:  jekyll-redirect-from (0.9.1) from /Users/Clive/.rvm/gems/ruby-2.0.0-p353/specifications/jekyll-redirect-from-0.9.1.gemspec
I, [2016-02-15T21:44:29.134965 #2296]  INFO -- : 0:  jekyll-seo-tag (0.1.4) from /Users/Clive/.rvm/gems/ruby-2.0.0-p353/specifications/jekyll-seo-tag-0.1.4.gemspec
I, [2016-02-15T21:44:29.135200 #2296]  INFO -- : 0:  jekyll-sitemap (0.10.0) from /Users/Clive/.rvm/gems/ruby-2.0.0-p353/specifications/jekyll-sitemap-0.10.0.gemspec
I, [2016-02-15T21:44:29.135432 #2296]  INFO -- : 0:  jekyll-textile-converter (0.1.0) from /Users/Clive/.rvm/gems/ruby-2.0.0-p353/specifications/jekyll-textile-converter-0.1.0.gemspec
I, [2016-02-15T21:44:29.135658 #2296]  INFO -- : 0:  jemoji (0.5.1) from /Users/Clive/.rvm/gems/ruby-2.0.0-p353/specifications/jemoji-0.5.1.gemspec
I, [2016-02-15T21:44:29.135869 #2296]  INFO -- : 0:  rdiscount (2.1.8) from /Users/Clive/.rvm/gems/ruby-2.0.0-p353/specifications/rdiscount-2.1.8.gemspec
I, [2016-02-15T21:44:29.136097 #2296]  INFO -- : 0:  redcarpet (3.3.3) from /Users/Clive/.rvm/gems/ruby-2.0.0-p353/specifications/redcarpet-3.3.3.gemspec
I, [2016-02-15T21:44:29.136320 #2296]  INFO -- : 0:  terminal-table (1.5.2) from /Users/Clive/.rvm/gems/ruby-2.0.0-p353/specifications/terminal-table-1.5.2.gemspec
I, [2016-02-15T21:44:29.136568 #2296]  INFO -- : 0:  github-pages (45) from /Users/Clive/.rvm/gems/ruby-2.0.0-p353/specifications/github-pages-45.gemspec
I, [2016-02-15T21:44:29.136781 #2296]  INFO -- : 0:  bundler (1.5.1) from /Users/Clive/.rvm/gems/ruby-2.0.0-p353@global/specifications/bundler-1.5.1.gemspec
